Arguments: 
  /usr/local/bin/node /usr/local/Cellar/yarn/1.13.0/libexec/bin/yarn.js start

PATH: 
  /usr/local/dart-sdk/bin:/usr/local/mongodb/bin:/usr/local/py36/bin:/usr/local/bin:/usr/bin:/bin:/usr/sbin:/sbin:/usr/local/dart-sdk/bin:/usr/local/mongodb/bin:/usr/local/py36/bin:/Users/xy/development/flutter/bin:/Users/xy/development/flutter/bin

Yarn version: 
  1.13.0

Node version: 
  12.14.1

Platform: 
  darwin x64

Trace: 
  SyntaxError: /Users/xy/Documents/fd/node/lesson0/static/package.json: Unexpected end of JSON input
      at JSON.parse (<anonymous>)
      at /usr/local/Cellar/yarn/1.13.0/libexec/lib/cli.js:1625:59
      at Generator.next (<anonymous>)
      at step (/usr/local/Cellar/yarn/1.13.0/libexec/lib/cli.js:304:30)
      at /usr/local/Cellar/yarn/1.13.0/libexec/lib/cli.js:315:13

npm manifest: 
  

yarn manifest: 
  No manifest

Lockfile: 
  # THIS IS AN AUTOGENERATED FILE. DO NOT EDIT THIS FILE DIRECTLY.
  # yarn lockfile v1
  
  
  mime@^2.5.2:
    version "2.5.2"
    resolved "http://npm.weimob.com:80/mime/-/mime-2.5.2.tgz#6e3dc6cc2b9510643830e5f19d5cb753da5eeabe"
    integrity sha1-bj3GzCuVEGQ4MOXxnVy3U9pe6r4=
